1533008009919:calculate 1/2 + 3
1533008087470:calculate 1/2
1533008110974:calculate "1/2 + 3"
1533008119321:exit
1533008147473:calculate 1/2 + 3
1533008154695:calculate 1/2
1533008220095:calculate 1/2 + 2
1533008231633:calculate "1/2 + 2"
1533008274785:calculate "1/2      +    3"
1533008676076:calculate "1/2 +    3"
1533008693778:calculate "1/2 +    "
1533008711864:calculate "1/2 +    3"
1533008813854:calculate "1/2    +    3"
1533008847467:exit
1533008868282:calculate "1/2   +    3"
1533008987988:calculate 1/2 + 2
1533009011512:calculate "1/2\n+\n3\n"
1533009161148:calculate "1/2 + 3 + 3"
1533009745631:calculate "1/2 % 2"
1533009767328:calculate "1"
1533009785306:calculate "1/2 + 2_1/2"
